Unity Editor version:    2022.3.13f1 (5f90a5ebde0f)
Branch:                  2022.3/staging
Build type:              Release
Batch mode:              YES
macOS version:           Version 12.1 (Build 21C52)
Darwin version:          21.2.0
Architecture:            x86_64
Running under Rosetta:   YES
Available memory:        8192 MB
Using pre-set license
Pro License: YES

COMMAND LINE ARGUMENTS:
/Applications/Unity/Hub/Editor/2022.3.13f1/Unity.app/Contents/MacOS/Unity
-adb2
-batchMode
-noUpm
-name
AssetImportWorker2
-projectPath
/Users/yuiwatanabe/Desktop/E-health-pyhon/Game_platformer
-logFile
Logs/AssetImportWorker2.log
-srvPort
58863
Successfully changed project path to: /Users/yuiwatanabe/Desktop/E-health-pyhon/Game_platformer
/Users/yuiwatanabe/Desktop/E-health-pyhon/Game_platformer
[UnityMemory] Configuration Parameters - Can be set up in boot.config
    "memorysetup-bucket-allocator-granularity=16"
    "memorysetup-bucket-allocator-bucket-count=8"
    "memorysetup-bucket-allocator-block-size=33554432"
    "memorysetup-bucket-allocator-block-count=8"
    "memorysetup-main-allocator-block-size=16777216"
    "memorysetup-thread-allocator-block-size=16777216"
    "memorysetup-gfx-main-allocator-block-size=16777216"
    "memorysetup-gfx-thread-allocator-block-size=16777216"
    "memorysetup-cache-allocator-block-size=4194304"
    "memorysetup-typetree-allocator-block-size=2097152"
    "memorysetup-profiler-bucket-allocator-granularity=16"
    "memorysetup-profiler-bucket-allocator-bucket-count=8"
    "memorysetup-profiler-bucket-allocator-block-size=33554432"
    "memorysetup-profiler-bucket-allocator-block-count=8"
    "memorysetup-profiler-allocator-block-size=16777216"
    "memorysetup-profiler-editor-allocator-block-size=1048576"
    "memorysetup-temp-allocator-size-main=16777216"
    "memorysetup-job-temp-allocator-block-size=2097152"
    "memorysetup-job-temp-allocator-block-size-background=1048576"
    "memorysetup-job-temp-allocator-reduction-small-platforms=262144"
    "memorysetup-allocator-temp-initial-block-size-main=262144"
    "memorysetup-allocator-temp-initial-block-size-worker=262144"
    "memorysetup-temp-allocator-size-background-worker=32768"
    "memorysetup-temp-allocator-size-job-worker=262144"
    "memorysetup-temp-allocator-size-preload-manager=33554432"
    "memorysetup-temp-allocator-size-nav-mesh-worker=65536"
    "memorysetup-temp-allocator-size-audio-worker=65536"
    "memorysetup-temp-allocator-size-cloud-worker=32768"
    "memorysetup-temp-allocator-size-gi-baking-worker=262144"
    "memorysetup-temp-allocator-size-gfx=262144"
Player connection [8717227520] Host "[IP] 192.168.1.5 [Port] 0 [Flags] 2 [Guid] 3516881773 [EditorId] 3516881773 [Version] 1048832 [Id] OSXEditor(0,Yuis-MacBook-Pro.local) [Debug] 1 [PackageName] OSXEditor [ProjectName] Editor" joined multi-casting on [225.0.0.222:54997]...

Player connection [8717227520] Host "[IP] 192.168.1.5 [Port] 0 [Flags] 2 [Guid] 3516881773 [EditorId] 3516881773 [Version] 1048832 [Id] OSXEditor(0,Yuis-MacBook-Pro.local) [Debug] 1 [PackageName] OSXEditor [ProjectName] Editor" joined alternative multi-casting on [225.0.0.222:34997]...

[Physics::Module] Initialized MultithreadedJobDispatcher with 7 workers.
Refreshing native plugins compatible for Editor in 29.13 ms, found 3 plugins.
Preloading 0 native plugins for Editor in 0.00 ms.
Initialize engine version: 2022.3.13f1 (5f90a5ebde0f)
[Subsystems] Discovering subsystems at path /Applications/Unity/Hub/Editor/2022.3.13f1/Unity.app/Contents/Resources/UnitySubsystems
[Subsystems] Discovering subsystems at path /Users/yuiwatanabe/Desktop/E-health-pyhon/Game_platformer/Assets
GfxDevice: creating device client; threaded=0; jobified=0
 preferred device: Apple M1 (high power)
Metal devices available: 1
0: Apple M1 (high power)
Using device Apple M1 (high power)
Initializing Metal device caps: Apple M1
Initialize mono
Mono path[0] = '/Applications/Unity/Hub/Editor/2022.3.13f1/Unity.app/Contents/Managed'
Mono path[1] = '/Applications/Unity/Hub/Editor/2022.3.13f1/Unity.app/Contents/MonoBleedingEdge/lib/mono/unityjit-macos'
Mono config path = '/Applications/Unity/Hub/Editor/2022.3.13f1/Unity.app/Contents/MonoBleedingEdge/etc'
Using monoOptions --debugger-agent=transport=dt_socket,embedding=1,server=y,suspend=n,address=127.0.0.1:56067
Begin MonoManager ReloadAssembly
Registering precompiled unity dll's ...
Register platform support module: /Applications/Unity/Hub/Editor/2022.3.13f1/Unity.app/Contents/PlaybackEngines/MacStandaloneSupport/UnityEditor.OSXStandalone.Extensions.dll
Registered in 0.002018 seconds.
- Loaded All Assemblies, in  0.740 seconds
Native extension for OSXStandalone target not found
Mono: successfully reloaded assembly
- Finished resetting the current domain, in  0.913 seconds
Domain Reload Profiling: 1654ms
	BeginReloadAssembly (299ms)
		ExecutionOrderSort (0ms)
		DisableScriptedObjects (0ms)
		BackupInstance (0ms)
		ReleaseScriptingObjects (0ms)
		CreateAndSetChildDomain (3ms)
	RebuildCommonClasses (62ms)
	RebuildNativeTypeToScriptingClass (15ms)
	initialDomainReloadingComplete (160ms)
	LoadAllAssembliesAndSetupDomain (203ms)
		LoadAssemblies (296ms)
		RebuildTransferFunctionScriptingTraits (0ms)
		AnalyzeDomain (197ms)
			TypeCache.Refresh (193ms)
				TypeCache.ScanAssembly (175ms)
			ScanForSourceGeneratedMonoScriptInfo (0ms)
			ResolveRequiredComponents (3ms)
	FinalizeReload (914ms)
		ReleaseScriptCaches (0ms)
		RebuildScriptCaches (0ms)
		SetupLoadedEditorAssemblies (770ms)
			LogAssemblyErrors (0ms)
			InitializePlatformSupportModulesInManaged (26ms)
			SetLoadedEditorAssemblies (21ms)
			RefreshPlugins (0ms)
			BeforeProcessingInitializeOnLoad (9ms)
			ProcessInitializeOnLoadAttributes (509ms)
			ProcessInitializeOnLoadMethodAttributes (204ms)
			AfterProcessingInitializeOnLoad (0ms)
			EditorAssembliesLoaded (1ms)
		ExecutionOrderSort2 (0ms)
		AwakeInstancesAfterBackupRestoration (0ms)
========================================================================
Worker process is ready to serve import requests
Begin MonoManager ReloadAssembly
- Loaded All Assemblies, in  1.258 seconds
Refreshing native plugins compatible for Editor in 2.84 ms, found 3 plugins.
Native extension for OSXStandalone target not found
Package Manager log level set to [2]
[Package Manager] Server::EnsureServerProcessIsRunning -- launch failed, reason: Unity was launched with the -noUpm command-line argument
[Package Manager] UpmClient::Send -- Unable to send message (not connected to UPM process).
[Package Manager] Cannot connect to Unity Package Manager local server
Mono: successfully reloaded assembly
- Finished resetting the current domain, in  2.093 seconds
Domain Reload Profiling: 3362ms
	BeginReloadAssembly (388ms)
		ExecutionOrderSort (0ms)
		DisableScriptedObjects (40ms)
		BackupInstance (0ms)
		ReleaseScriptingObjects (0ms)
		CreateAndSetChildDomain (55ms)
	RebuildCommonClasses (55ms)
	RebuildNativeTypeToScriptingClass (15ms)
	initialDomainReloadingComplete (111ms)
	LoadAllAssembliesAndSetupDomain (694ms)
		LoadAssemblies (556ms)
		RebuildTransferFunctionScriptingTraits (0ms)
		AnalyzeDomain (306ms)
			TypeCache.Refresh (242ms)
				TypeCache.ScanAssembly (190ms)
			ScanForSourceGeneratedMonoScriptInfo (51ms)
			ResolveRequiredComponents (11ms)
	FinalizeReload (2100ms)
		ReleaseScriptCaches (0ms)
		RebuildScriptCaches (0ms)
		SetupLoadedEditorAssemblies (1663ms)
			LogAssemblyErrors (0ms)
			InitializePlatformSupportModulesInManaged (15ms)
			SetLoadedEditorAssemblies (10ms)
			RefreshPlugins (0ms)
			BeforeProcessingInitializeOnLoad (142ms)
			ProcessInitializeOnLoadAttributes (1310ms)
			ProcessInitializeOnLoadMethodAttributes (183ms)
			AfterProcessingInitializeOnLoad (1ms)
			EditorAssembliesLoaded (2ms)
		ExecutionOrderSort2 (0ms)
		AwakeInstancesAfterBackupRestoration (17ms)
Launching external process: /Applications/Unity/Hub/Editor/2022.3.13f1/Unity.app/Contents/Tools/UnityShaderCompiler
Launched and connected shader compiler UnityShaderCompiler after 1.03 seconds
Refreshing native plugins compatible for Editor in 2.70 ms, found 3 plugins.
Preloading 0 native plugins for Editor in 0.00 ms.
Unloading 4017 Unused Serialized files (Serialized files now loaded: 0)
Unloading 64 unused Assets / (58.4 KB). Loaded Objects now: 4481.
Memory consumption went from 256.2 MB to 256.1 MB.
Total: 5.703417 ms (FindLiveObjects: 0.418958 ms CreateObjectMapping: 0.117458 ms MarkObjects: 4.201083 ms  DeleteObjects: 0.964625 ms)

AssetImportParameters requested are different than current active one (requested -> active):
  custom:container-demuxer-ogg: 62fdf1f143b41e24485cea50d1cbac27 -> 
  custom:video-decoder-ogg-theora: a1e56fd34408186e4bbccfd4996cb3dc -> 
  custom:CustomObjectIndexerAttribute: 756ad292c208cfabdd7b50bc23989ffe -> 
  custom:container-demuxer-webm: 4f35f7cbe854078d1ac9338744f61a02 -> 
  custom:container-muxer-webm: aa71ff27fc2769a1b78a27578f13a17b -> 
  custom:video-decoder-webm-vp8: 9c59270c3fd7afecdb556c50c9e8de78 -> 
  custom:SearchIndexIgnoredProperties: e643bd26f0fe6173181afceb89e7c659 -> 
  custom:AudioImporter_EditorPlatform: 3918e3fc78b5a79bad01e8451be0beb8 -> 
  custom:framework-osx-AVFoundation: e770b220cccbd017edd2c1fefb359320 -> 
  custom:video-encoder-webm-vp8: eb34c28f22e8b96e1ab97ce403110664 -> 
  custom:audio-decoder-ogg-vorbis: bf7c407c2cedff20999df2af8eb42d56 -> 
  custom:audio-encoder-webm-vorbis: bf7c407c2cedff20999df2af8eb42d56 -> 
========================================================================
Received Prepare
Begin MonoManager ReloadAssembly
- Loaded All Assemblies, in  1.983 seconds
Refreshing native plugins compatible for Editor in 8.06 ms, found 3 plugins.
Native extension for OSXStandalone target not found
[Package Manager] Server::EnsureServerProcessIsRunning -- launch failed, reason: Unity was launched with the -noUpm command-line argument
[Package Manager] UpmClient::Send -- Unable to send message (not connected to UPM process).
[Package Manager] Cannot connect to Unity Package Manager local server
Mono: successfully reloaded assembly
- Finished resetting the current domain, in  4.789 seconds
Domain Reload Profiling: 6783ms
	BeginReloadAssembly (818ms)
		ExecutionOrderSort (0ms)
		DisableScriptedObjects (114ms)
		BackupInstance (0ms)
		ReleaseScriptingObjects (0ms)
		CreateAndSetChildDomain (250ms)
	RebuildCommonClasses (65ms)
	RebuildNativeTypeToScriptingClass (21ms)
	initialDomainReloadingComplete (135ms)
	LoadAllAssembliesAndSetupDomain (950ms)
		LoadAssemblies (1182ms)
		RebuildTransferFunctionScriptingTraits (0ms)
		AnalyzeDomain (131ms)
			TypeCache.Refresh (103ms)
				TypeCache.ScanAssembly (0ms)
			ScanForSourceGeneratedMonoScriptInfo (0ms)
			ResolveRequiredComponents (26ms)
	FinalizeReload (4795ms)
		ReleaseScriptCaches (0ms)
		RebuildScriptCaches (0ms)
		SetupLoadedEditorAssemblies (2401ms)
			LogAssemblyErrors (0ms)
			InitializePlatformSupportModulesInManaged (27ms)
			SetLoadedEditorAssemblies (17ms)
			RefreshPlugins (0ms)
			BeforeProcessingInitializeOnLoad (182ms)
			ProcessInitializeOnLoadAttributes (1951ms)
			ProcessInitializeOnLoadMethodAttributes (220ms)
			AfterProcessingInitializeOnLoad (2ms)
			EditorAssembliesLoaded (2ms)
		ExecutionOrderSort2 (0ms)
		AwakeInstancesAfterBackupRestoration (58ms)
Refreshing native plugins compatible for Editor in 6.41 ms, found 3 plugins.
Preloading 0 native plugins for Editor in 0.00 ms.
Unloading 4006 Unused Serialized files (Serialized files now loaded: 0)
Unloading 36 unused Assets / (35.1 KB). Loaded Objects now: 4486.
Memory consumption went from 255.0 MB to 254.9 MB.
Total: 42.549459 ms (FindLiveObjects: 0.621750 ms CreateObjectMapping: 0.123375 ms MarkObjects: 38.431292 ms  DeleteObjects: 3.367333 ms)

Prepare: number of updated asset objects reloaded= 0
AssetImportParameters requested are different than current active one (requested -> active):
  custom:container-demuxer-ogg: 62fdf1f143b41e24485cea50d1cbac27 -> 
  custom:video-decoder-ogg-theora: a1e56fd34408186e4bbccfd4996cb3dc -> 
  custom:CustomObjectIndexerAttribute: 756ad292c208cfabdd7b50bc23989ffe -> 
  custom:container-demuxer-webm: 4f35f7cbe854078d1ac9338744f61a02 -> 
  custom:container-muxer-webm: aa71ff27fc2769a1b78a27578f13a17b -> 
  custom:video-decoder-webm-vp8: 9c59270c3fd7afecdb556c50c9e8de78 -> 
  custom:SearchIndexIgnoredProperties: e643bd26f0fe6173181afceb89e7c659 -> 
  custom:AudioImporter_EditorPlatform: 3918e3fc78b5a79bad01e8451be0beb8 -> 
  custom:framework-osx-AVFoundation: e770b220cccbd017edd2c1fefb359320 -> 
  custom:video-encoder-webm-vp8: eb34c28f22e8b96e1ab97ce403110664 -> 
  custom:audio-decoder-ogg-vorbis: bf7c407c2cedff20999df2af8eb42d56 -> 
  custom:audio-encoder-webm-vorbis: bf7c407c2cedff20999df2af8eb42d56 -> 
========================================================================
Received Import Request.
  Time since last request: 35985.780540 seconds.
  path: Assets/materials
  artifactKey: Guid(d773b264c7c3f8244aedb551065a18d0) Importer(815301076,1909f56bfc062723c751e8b465ee728b)
Start importing Assets/materials using Guid(d773b264c7c3f8244aedb551065a18d0) Importer(815301076,1909f56bfc062723c751e8b465ee728b)  -> (artifact id: '63bd5f508f253fb31a87928e2703e7ca') in 0.156624 seconds
Number of updated asset objects reloaded before import = 0
Number of asset objects unloaded after import = 0
========================================================================
Received Prepare
Begin MonoManager ReloadAssembly
- Loaded All Assemblies, in  2.173 seconds
Refreshing native plugins compatible for Editor in 3.59 ms, found 3 plugins.
Native extension for OSXStandalone target not found
[Package Manager] Server::EnsureServerProcessIsRunning -- launch failed, reason: Unity was launched with the -noUpm command-line argument
[Package Manager] UpmClient::Send -- Unable to send message (not connected to UPM process).
[Package Manager] Cannot connect to Unity Package Manager local server
Mono: successfully reloaded assembly
- Finished resetting the current domain, in  4.047 seconds
Domain Reload Profiling: 6224ms
	BeginReloadAssembly (1080ms)
		ExecutionOrderSort (0ms)
		DisableScriptedObjects (109ms)
		BackupInstance (0ms)
		ReleaseScriptingObjects (1ms)
		CreateAndSetChildDomain (254ms)
	RebuildCommonClasses (107ms)
	RebuildNativeTypeToScriptingClass (18ms)
	initialDomainReloadingComplete (135ms)
	LoadAllAssembliesAndSetupDomain (833ms)
		LoadAssemblies (1353ms)
		RebuildTransferFunctionScriptingTraits (0ms)
		AnalyzeDomain (90ms)
			TypeCache.Refresh (71ms)
				TypeCache.ScanAssembly (0ms)
			ScanForSourceGeneratedMonoScriptInfo (0ms)
			ResolveRequiredComponents (18ms)
	FinalizeReload (4051ms)
		ReleaseScriptCaches (0ms)
		RebuildScriptCaches (0ms)
		SetupLoadedEditorAssemblies (2647ms)
			LogAssemblyErrors (0ms)
			InitializePlatformSupportModulesInManaged (23ms)
			SetLoadedEditorAssemblies (35ms)
			RefreshPlugins (0ms)
			BeforeProcessingInitializeOnLoad (176ms)
			ProcessInitializeOnLoadAttributes (2034ms)
			ProcessInitializeOnLoadMethodAttributes (361ms)
			AfterProcessingInitializeOnLoad (9ms)
			EditorAssembliesLoaded (7ms)
		ExecutionOrderSort2 (4ms)
		AwakeInstancesAfterBackupRestoration (86ms)
Refreshing native plugins compatible for Editor in 17.63 ms, found 3 plugins.
Preloading 0 native plugins for Editor in 0.00 ms.
Unloading 4005 Unused Serialized files (Serialized files now loaded: 0)
Unloading 36 unused Assets / (35.2 KB). Loaded Objects now: 4490.
Memory consumption went from 256.0 MB to 256.0 MB.
Total: 30.602250 ms (FindLiveObjects: 1.000584 ms CreateObjectMapping: 0.120084 ms MarkObjects: 27.285917 ms  DeleteObjects: 2.189583 ms)

Prepare: number of updated asset objects reloaded= 0
AssetImportParameters requested are different than current active one (requested -> active):
  custom:container-demuxer-ogg: 62fdf1f143b41e24485cea50d1cbac27 -> 
  custom:video-decoder-ogg-theora: a1e56fd34408186e4bbccfd4996cb3dc -> 
  custom:CustomObjectIndexerAttribute: 756ad292c208cfabdd7b50bc23989ffe -> 
  custom:container-demuxer-webm: 4f35f7cbe854078d1ac9338744f61a02 -> 
  custom:container-muxer-webm: aa71ff27fc2769a1b78a27578f13a17b -> 
  custom:video-decoder-webm-vp8: 9c59270c3fd7afecdb556c50c9e8de78 -> 
  custom:SearchIndexIgnoredProperties: e643bd26f0fe6173181afceb89e7c659 -> 
  custom:AudioImporter_EditorPlatform: 3918e3fc78b5a79bad01e8451be0beb8 -> 
  custom:framework-osx-AVFoundation: e770b220cccbd017edd2c1fefb359320 -> 
  custom:video-encoder-webm-vp8: eb34c28f22e8b96e1ab97ce403110664 -> 
  custom:audio-decoder-ogg-vorbis: bf7c407c2cedff20999df2af8eb42d56 -> 
  custom:audio-encoder-webm-vorbis: bf7c407c2cedff20999df2af8eb42d56 -> 
========================================================================
Received Import Request.
  Time since last request: 295.317975 seconds.
  path: Assets/sprites and tecstures/animation player/istockphoto-505623570-612x612-removebg-preview.png
  artifactKey: Guid(f58a89487d43db145a2df1f088ed9b5a) Importer(815301076,1909f56bfc062723c751e8b465ee728b)
Start importing Assets/sprites and tecstures/animation player/istockphoto-505623570-612x612-removebg-preview.png using Guid(f58a89487d43db145a2df1f088ed9b5a) Importer(815301076,1909f56bfc062723c751e8b465ee728b)  -> (artifact id: '0cae98ad49913d6a3ced36795f3f9524') in 1.657967 seconds
Number of updated asset objects reloaded before import = 0
Number of asset objects unloaded after import = 39
========================================================================
Received Prepare
Begin MonoManager ReloadAssembly
- Loaded All Assemblies, in  3.092 seconds
Refreshing native plugins compatible for Editor in 1.88 ms, found 3 plugins.
Native extension for OSXStandalone target not found
[Package Manager] Server::EnsureServerProcessIsRunning -- launch failed, reason: Unity was launched with the -noUpm command-line argument
[Package Manager] UpmClient::Send -- Unable to send message (not connected to UPM process).
[Package Manager] Cannot connect to Unity Package Manager local server
Mono: successfully reloaded assembly
- Finished resetting the current domain, in  4.502 seconds
Domain Reload Profiling: 7610ms
	BeginReloadAssembly (1312ms)
		ExecutionOrderSort (1ms)
		DisableScriptedObjects (177ms)
		BackupInstance (0ms)
		ReleaseScriptingObjects (0ms)
		CreateAndSetChildDomain (384ms)
	RebuildCommonClasses (173ms)
	RebuildNativeTypeToScriptingClass (26ms)
	initialDomainReloadingComplete (273ms)
	LoadAllAssembliesAndSetupDomain (1310ms)
		LoadAssemblies (1794ms)
		RebuildTransferFunctionScriptingTraits (0ms)
		AnalyzeDomain (121ms)
			TypeCache.Refresh (102ms)
				TypeCache.ScanAssembly (0ms)
			ScanForSourceGeneratedMonoScriptInfo (0ms)
			ResolveRequiredComponents (17ms)
	FinalizeReload (4516ms)
		ReleaseScriptCaches (0ms)
		RebuildScriptCaches (0ms)
		SetupLoadedEditorAssemblies (2448ms)
			LogAssemblyErrors (2ms)
			InitializePlatformSupportModulesInManaged (21ms)
			SetLoadedEditorAssemblies (19ms)
			RefreshPlugins (0ms)
			BeforeProcessingInitializeOnLoad (203ms)
			ProcessInitializeOnLoadAttributes (1982ms)
			ProcessInitializeOnLoadMethodAttributes (216ms)
			AfterProcessingInitializeOnLoad (2ms)
			EditorAssembliesLoaded (3ms)
		ExecutionOrderSort2 (0ms)
		AwakeInstancesAfterBackupRestoration (48ms)
Refreshing native plugins compatible for Editor in 7.18 ms, found 3 plugins.
Preloading 0 native plugins for Editor in 0.00 ms.
Unloading 4005 Unused Serialized files (Serialized files now loaded: 0)
Unloading 36 unused Assets / (35.3 KB). Loaded Objects now: 4557.
Memory consumption went from 262.0 MB to 262.0 MB.
Total: 15.321417 ms (FindLiveObjects: 0.704042 ms CreateObjectMapping: 0.142708 ms MarkObjects: 13.972625 ms  DeleteObjects: 0.499291 ms)

Prepare: number of updated asset objects reloaded= 0
AssetImportParameters requested are different than current active one (requested -> active):
  custom:container-demuxer-ogg: 62fdf1f143b41e24485cea50d1cbac27 -> 
  custom:video-decoder-ogg-theora: a1e56fd34408186e4bbccfd4996cb3dc -> 
  custom:CustomObjectIndexerAttribute: 756ad292c208cfabdd7b50bc23989ffe -> 
  custom:container-demuxer-webm: 4f35f7cbe854078d1ac9338744f61a02 -> 
  custom:container-muxer-webm: aa71ff27fc2769a1b78a27578f13a17b -> 
  custom:video-decoder-webm-vp8: 9c59270c3fd7afecdb556c50c9e8de78 -> 
  custom:SearchIndexIgnoredProperties: e643bd26f0fe6173181afceb89e7c659 -> 
  custom:AudioImporter_EditorPlatform: 3918e3fc78b5a79bad01e8451be0beb8 -> 
  custom:framework-osx-AVFoundation: e770b220cccbd017edd2c1fefb359320 -> 
  custom:video-encoder-webm-vp8: eb34c28f22e8b96e1ab97ce403110664 -> 
  custom:audio-decoder-ogg-vorbis: bf7c407c2cedff20999df2af8eb42d56 -> 
  custom:audio-encoder-webm-vorbis: bf7c407c2cedff20999df2af8eb42d56 -> 
========================================================================
Received Prepare
Begin MonoManager ReloadAssembly
- Loaded All Assemblies, in  3.415 seconds
Refreshing native plugins compatible for Editor in 2.88 ms, found 3 plugins.
Native extension for OSXStandalone target not found
[Package Manager] Server::EnsureServerProcessIsRunning -- launch failed, reason: Unity was launched with the -noUpm command-line argument
[Package Manager] UpmClient::Send -- Unable to send message (not connected to UPM process).
[Package Manager] Cannot connect to Unity Package Manager local server
Mono: successfully reloaded assembly
- Finished resetting the current domain, in  4.990 seconds
Domain Reload Profiling: 8406ms
	BeginReloadAssembly (1782ms)
		ExecutionOrderSort (0ms)
		DisableScriptedObjects (193ms)
		BackupInstance (0ms)
		ReleaseScriptingObjects (0ms)
		CreateAndSetChildDomain (452ms)
	RebuildCommonClasses (147ms)
	RebuildNativeTypeToScriptingClass (25ms)
	initialDomainReloadingComplete (257ms)
	LoadAllAssembliesAndSetupDomain (1203ms)
		LoadAssemblies (2042ms)
		RebuildTransferFunctionScriptingTraits (0ms)
		AnalyzeDomain (142ms)
			TypeCache.Refresh (123ms)
				TypeCache.ScanAssembly (0ms)
			ScanForSourceGeneratedMonoScriptInfo (0ms)
			ResolveRequiredComponents (18ms)
	FinalizeReload (4992ms)
		ReleaseScriptCaches (0ms)
		RebuildScriptCaches (0ms)
		SetupLoadedEditorAssemblies (3247ms)
			LogAssemblyErrors (4ms)
			InitializePlatformSupportModulesInManaged (47ms)
			SetLoadedEditorAssemblies (64ms)
			RefreshPlugins (0ms)
			BeforeProcessingInitializeOnLoad (233ms)
			ProcessInitializeOnLoadAttributes (2662ms)
			ProcessInitializeOnLoadMethodAttributes (222ms)
			AfterProcessingInitializeOnLoad (14ms)
			EditorAssembliesLoaded (1ms)
		ExecutionOrderSort2 (2ms)
		AwakeInstancesAfterBackupRestoration (65ms)
Refreshing native plugins compatible for Editor in 5.18 ms, found 3 plugins.
Preloading 0 native plugins for Editor in 0.00 ms.
Unloading 4006 Unused Serialized files (Serialized files now loaded: 0)
Unloading 36 unused Assets / (35.4 KB). Loaded Objects now: 4561.
Memory consumption went from 264.5 MB to 264.4 MB.
Total: 47.822333 ms (FindLiveObjects: 0.643708 ms CreateObjectMapping: 0.114833 ms MarkObjects: 46.943792 ms  DeleteObjects: 0.118917 ms)

Prepare: number of updated asset objects reloaded= 0
AssetImportParameters requested are different than current active one (requested -> active):
  custom:container-demuxer-ogg: 62fdf1f143b41e24485cea50d1cbac27 -> 
  custom:video-decoder-ogg-theora: a1e56fd34408186e4bbccfd4996cb3dc -> 
  custom:CustomObjectIndexerAttribute: 756ad292c208cfabdd7b50bc23989ffe -> 
  custom:container-demuxer-webm: 4f35f7cbe854078d1ac9338744f61a02 -> 
  custom:container-muxer-webm: aa71ff27fc2769a1b78a27578f13a17b -> 
  custom:video-decoder-webm-vp8: 9c59270c3fd7afecdb556c50c9e8de78 -> 
  custom:SearchIndexIgnoredProperties: e643bd26f0fe6173181afceb89e7c659 -> 
  custom:AudioImporter_EditorPlatform: 3918e3fc78b5a79bad01e8451be0beb8 -> 
  custom:framework-osx-AVFoundation: e770b220cccbd017edd2c1fefb359320 -> 
  custom:video-encoder-webm-vp8: eb34c28f22e8b96e1ab97ce403110664 -> 
  custom:audio-decoder-ogg-vorbis: bf7c407c2cedff20999df2af8eb42d56 -> 
  custom:audio-encoder-webm-vorbis: bf7c407c2cedff20999df2af8eb42d56 -> 
========================================================================
Received Import Request.
  Time since last request: 360.249147 seconds.
  path: Assets/sprites and tecstures/animation player/running/istockphoto-505623570-612x612-removebg-preview_21.controller
  artifactKey: Guid(cfd8ceb34385acc4eaf920c22c00234a) Importer(815301076,1909f56bfc062723c751e8b465ee728b)
Start importing Assets/sprites and tecstures/animation player/running/istockphoto-505623570-612x612-removebg-preview_21.controller using Guid(cfd8ceb34385acc4eaf920c22c00234a) Importer(815301076,1909f56bfc062723c751e8b465ee728b)  -> (artifact id: 'd793cfd1ece2f6da4f56a48bd15699a0') in 0.483002 seconds
Number of updated asset objects reloaded before import = 0
Number of asset objects unloaded after import = 4
========================================================================
Received Prepare
Begin MonoManager ReloadAssembly
- Loaded All Assemblies, in  2.973 seconds
Refreshing native plugins compatible for Editor in 6.09 ms, found 3 plugins.
Native extension for OSXStandalone target not found
[Package Manager] Server::EnsureServerProcessIsRunning -- launch failed, reason: Unity was launched with the -noUpm command-line argument
[Package Manager] UpmClient::Send -- Unable to send message (not connected to UPM process).
[Package Manager] Cannot connect to Unity Package Manager local server
Mono: successfully reloaded assembly
- Finished resetting the current domain, in  6.092 seconds
Domain Reload Profiling: 9120ms
	BeginReloadAssembly (1479ms)
		ExecutionOrderSort (1ms)
		DisableScriptedObjects (185ms)
		BackupInstance (0ms)
		ReleaseScriptingObjects (0ms)
		CreateAndSetChildDomain (509ms)
	RebuildCommonClasses (153ms)
	RebuildNativeTypeToScriptingClass (24ms)
	initialDomainReloadingComplete (135ms)
	LoadAllAssembliesAndSetupDomain (1224ms)
		LoadAssemblies (1698ms)
		RebuildTransferFunctionScriptingTraits (0ms)
		AnalyzeDomain (110ms)
			TypeCache.Refresh (78ms)
				TypeCache.ScanAssembly (0ms)
			ScanForSourceGeneratedMonoScriptInfo (4ms)
			ResolveRequiredComponents (27ms)
	FinalizeReload (6105ms)
		ReleaseScriptCaches (0ms)
		RebuildScriptCaches (0ms)
		SetupLoadedEditorAssemblies (2929ms)
			LogAssemblyErrors (1ms)
			InitializePlatformSupportModulesInManaged (44ms)
			SetLoadedEditorAssemblies (22ms)
			RefreshPlugins (0ms)
			BeforeProcessingInitializeOnLoad (341ms)
			ProcessInitializeOnLoadAttributes (2213ms)
			ProcessInitializeOnLoadMethodAttributes (301ms)
			AfterProcessingInitializeOnLoad (3ms)
			EditorAssembliesLoaded (3ms)
		ExecutionOrderSort2 (0ms)
		AwakeInstancesAfterBackupRestoration (119ms)
Refreshing native plugins compatible for Editor in 17.59 ms, found 3 plugins.
Preloading 0 native plugins for Editor in 0.00 ms.
Unloading 4005 Unused Serialized files (Serialized files now loaded: 0)
Unloading 36 unused Assets / (35.5 KB). Loaded Objects now: 4565.
Memory consumption went from 265.5 MB to 265.5 MB.
Total: 49.876709 ms (FindLiveObjects: 1.109500 ms CreateObjectMapping: 0.127833 ms MarkObjects: 47.664500 ms  DeleteObjects: 0.972583 ms)

Prepare: number of updated asset objects reloaded= 0
AssetImportParameters requested are different than current active one (requested -> active):
  custom:container-demuxer-ogg: 62fdf1f143b41e24485cea50d1cbac27 -> 
  custom:video-decoder-ogg-theora: a1e56fd34408186e4bbccfd4996cb3dc -> 
  custom:CustomObjectIndexerAttribute: 756ad292c208cfabdd7b50bc23989ffe -> 
  custom:container-demuxer-webm: 4f35f7cbe854078d1ac9338744f61a02 -> 
  custom:container-muxer-webm: aa71ff27fc2769a1b78a27578f13a17b -> 
  custom:video-decoder-webm-vp8: 9c59270c3fd7afecdb556c50c9e8de78 -> 
  custom:SearchIndexIgnoredProperties: e643bd26f0fe6173181afceb89e7c659 -> 
  custom:AudioImporter_EditorPlatform: 3918e3fc78b5a79bad01e8451be0beb8 -> 
  custom:framework-osx-AVFoundation: e770b220cccbd017edd2c1fefb359320 -> 
  custom:video-encoder-webm-vp8: eb34c28f22e8b96e1ab97ce403110664 -> 
  custom:audio-decoder-ogg-vorbis: bf7c407c2cedff20999df2af8eb42d56 -> 
  custom:audio-encoder-webm-vorbis: bf7c407c2cedff20999df2af8eb42d56 -> 
========================================================================
Received Import Request.
  Time since last request: 1514.606983 seconds.
  path: Assets/AnimatedTextures.cs
  artifactKey: Guid(e5a773f2a6dda4605b42b84505cae41a) Importer(815301076,1909f56bfc062723c751e8b465ee728b)
Start importing Assets/AnimatedTextures.cs using Guid(e5a773f2a6dda4605b42b84505cae41a) Importer(815301076,1909f56bfc062723c751e8b465ee728b)  -> (artifact id: '1c800e3334a818fae0822984cfc7841e') in 0.238394 seconds
Number of updated asset objects reloaded before import = 0
Number of asset objects unloaded after import = 0
========================================================================
Received Import Request.
  Time since last request: 172.084325 seconds.
  path: Assets/sprites and tecstures/PNG/Orange/texture_01.png
  artifactKey: Guid(ae5ca02fdb0af9a438ef9d70d033910b) Importer(815301076,1909f56bfc062723c751e8b465ee728b)
Start importing Assets/sprites and tecstures/PNG/Orange/texture_01.png using Guid(ae5ca02fdb0af9a438ef9d70d033910b) Importer(815301076,1909f56bfc062723c751e8b465ee728b)  -> (artifact id: '5da842252e0cf4993b4766d628759379') in 2.039873 seconds
Number of updated asset objects reloaded before import = 0
Number of asset objects unloaded after import = 3
========================================================================
Received Import Request.
  Time since last request: 5.670254 seconds.
  path: Assets/sprites and tecstures/PNG/Light/texture_01.png
  artifactKey: Guid(5e9ed0c0c4c3a5245b58caf11b1d4d68) Importer(815301076,1909f56bfc062723c751e8b465ee728b)
Start importing Assets/sprites and tecstures/PNG/Light/texture_01.png using Guid(5e9ed0c0c4c3a5245b58caf11b1d4d68) Importer(815301076,1909f56bfc062723c751e8b465ee728b)  -> (artifact id: '758337dac5e74a98389901508008401a') in 0.113631 seconds
Number of updated asset objects reloaded before import = 0
Number of asset objects unloaded after import = 3
========================================================================
Received Import Request.
  Time since last request: 0.000120 seconds.
  path: Assets/sprites and tecstures/PNG/Purple/texture_01.png
  artifactKey: Guid(1c23433a128b7fc46b1da69169cd245b) Importer(815301076,1909f56bfc062723c751e8b465ee728b)
Start importing Assets/sprites and tecstures/PNG/Purple/texture_01.png using Guid(1c23433a128b7fc46b1da69169cd245b) Importer(815301076,1909f56bfc062723c751e8b465ee728b)  -> (artifact id: '081dfa034140c755946729345ae948bc') in 0.025238 seconds
Number of updated asset objects reloaded before import = 0
Number of asset objects unloaded after import = 3
========================================================================
Received Import Request.
  Time since last request: 0.000059 seconds.
  path: Assets/sprites and tecstures/PNG/Light/texture_02.png
  artifactKey: Guid(197602d1ec51f6e44a5a5372ac3ba3d4) Importer(815301076,1909f56bfc062723c751e8b465ee728b)
Start importing Assets/sprites and tecstures/PNG/Light/texture_02.png using Guid(197602d1ec51f6e44a5a5372ac3ba3d4) Importer(815301076,1909f56bfc062723c751e8b465ee728b)  -> (artifact id: '5d636e22e33030bd2a5728fa5ad68c2e') in 0.033488 seconds
Number of updated asset objects reloaded before import = 0
Number of asset objects unloaded after import = 3
========================================================================
Received Import Request.
  Time since last request: 0.001338 seconds.
  path: Assets/sprites and tecstures/PNG/Dark/texture_01.png
  artifactKey: Guid(2c1b891dc89227e448bd522b60234e55) Importer(815301076,1909f56bfc062723c751e8b465ee728b)
Start importing Assets/sprites and tecstures/PNG/Dark/texture_01.png using Guid(2c1b891dc89227e448bd522b60234e55) Importer(815301076,1909f56bfc062723c751e8b465ee728b)  -> (artifact id: 'c9e6ad8570cfbf7da80ea5bf39250bee') in 0.024298 seconds
Number of updated asset objects reloaded before import = 0
Number of asset objects unloaded after import = 3
========================================================================
Received Import Request.
  Time since last request: 0.000208 seconds.
  path: Assets/sprites and tecstures/PNG/Green/texture_02.png
  artifactKey: Guid(d3568a44a58f3084e857769e2bbc6ba9) Importer(815301076,1909f56bfc062723c751e8b465ee728b)
Start importing Assets/sprites and tecstures/PNG/Green/texture_02.png using Guid(d3568a44a58f3084e857769e2bbc6ba9) Importer(815301076,1909f56bfc062723c751e8b465ee728b)  -> (artifact id: '6fb9ae24dc19c0e6be215f13857a4553') in 0.031894 seconds
Number of updated asset objects reloaded before import = 0
Number of asset objects unloaded after import = 3
========================================================================
Received Import Request.
  Time since last request: 0.000136 seconds.
  path: Assets/sprites and tecstures/PNG/Green/texture_01.png
  artifactKey: Guid(5d02dabea9de48048aba33754eb3bf71) Importer(815301076,1909f56bfc062723c751e8b465ee728b)
Start importing Assets/sprites and tecstures/PNG/Green/texture_01.png using Guid(5d02dabea9de48048aba33754eb3bf71) Importer(815301076,1909f56bfc062723c751e8b465ee728b)  -> (artifact id: 'f095a1c4cc33347b8427f9ca06e92e8c') in 0.024170 seconds
Number of updated asset objects reloaded before import = 0
Number of asset objects unloaded after import = 3
========================================================================
Received Import Request.
  Time since last request: 0.000140 seconds.
  path: Assets/sprites and tecstures/PNG/Dark/texture_02.png
  artifactKey: Guid(751f0bae4707c7e4ba9976feceb26ff5) Importer(815301076,1909f56bfc062723c751e8b465ee728b)
Start importing Assets/sprites and tecstures/PNG/Dark/texture_02.png using Guid(751f0bae4707c7e4ba9976feceb26ff5) Importer(815301076,1909f56bfc062723c751e8b465ee728b)  -> (artifact id: 'dc38ef6831b5d5f2e835f11554ea30d3') in 0.017350 seconds
Number of updated asset objects reloaded before import = 0
Number of asset objects unloaded after import = 3
========================================================================
Received Import Request.
  Time since last request: 0.000141 seconds.
  path: Assets/sprites and tecstures/PNG/Orange/texture_03.png
  artifactKey: Guid(11845010022be5e4cbded7d5a2ce6c0c) Importer(815301076,1909f56bfc062723c751e8b465ee728b)
Start importing Assets/sprites and tecstures/PNG/Orange/texture_03.png using Guid(11845010022be5e4cbded7d5a2ce6c0c) Importer(815301076,1909f56bfc062723c751e8b465ee728b)  -> (artifact id: '4951109c8b222871c4ee9bb9e239e422') in 0.030243 seconds
Number of updated asset objects reloaded before import = 0
Number of asset objects unloaded after import = 3
========================================================================
Received Import Request.
  Time since last request: 0.000334 seconds.
  path: Assets/sprites and tecstures/PNG/Red/texture_03.png
  artifactKey: Guid(a436d7e3f2d74c14d9603c7651b58a2e) Importer(815301076,1909f56bfc062723c751e8b465ee728b)
Start importing Assets/sprites and tecstures/PNG/Red/texture_03.png using Guid(a436d7e3f2d74c14d9603c7651b58a2e) Importer(815301076,1909f56bfc062723c751e8b465ee728b)  -> (artifact id: 'e8bdc863eaef83bc90d8581e7e258dc9') in 0.018909 seconds
Number of updated asset objects reloaded before import = 0
Number of asset objects unloaded after import = 3
========================================================================
Received Import Request.
  Time since last request: 0.000128 seconds.
  path: Assets/sprites and tecstures/PNG/Red/texture_02.png
  artifactKey: Guid(f312271e9f9a73141b851ccd61b86db3) Importer(815301076,1909f56bfc062723c751e8b465ee728b)
Start importing Assets/sprites and tecstures/PNG/Red/texture_02.png using Guid(f312271e9f9a73141b851ccd61b86db3) Importer(815301076,1909f56bfc062723c751e8b465ee728b)  -> (artifact id: '66d34727836ef9f279c37506b987e389') in 0.040837 seconds
Number of updated asset objects reloaded before import = 0
Number of asset objects unloaded after import = 3
========================================================================
Received Import Request.
  Time since last request: 0.000087 seconds.
  path: Assets/sprites and tecstures/PNG/Purple/texture_03.png
  artifactKey: Guid(c7923b0f58f5ef14f958ea3257c2f8a3) Importer(815301076,1909f56bfc062723c751e8b465ee728b)
Start importing Assets/sprites and tecstures/PNG/Purple/texture_03.png using Guid(c7923b0f58f5ef14f958ea3257c2f8a3) Importer(815301076,1909f56bfc062723c751e8b465ee728b)  -> (artifact id: '6c218cd4315f980674d1c3147b8e2302') in 0.019180 seconds
Number of updated asset objects reloaded before import = 0
Number of asset objects unloaded after import = 3
========================================================================
Received Import Request.
  Time since last request: 0.004956 seconds.
  path: Assets/sprites and tecstures/PNG/Dark/texture_03.png
  artifactKey: Guid(4c0f8fccaf26952458d7dbc0444701a6) Importer(815301076,1909f56bfc062723c751e8b465ee728b)
Start importing Assets/sprites and tecstures/PNG/Dark/texture_03.png using Guid(4c0f8fccaf26952458d7dbc0444701a6) Importer(815301076,1909f56bfc062723c751e8b465ee728b)  -> (artifact id: 'df8e7fca7a009ab53cffad143dcc1e42') in 0.023003 seconds
Number of updated asset objects reloaded before import = 0
Number of asset objects unloaded after import = 3
========================================================================
Received Import Request.
  Time since last request: 0.000066 seconds.
  path: Assets/sprites and tecstures/PNG/Light/texture_03.png
  artifactKey: Guid(4cf82413e53e47640bc7ff57be04dd2a) Importer(815301076,1909f56bfc062723c751e8b465ee728b)
Start importing Assets/sprites and tecstures/PNG/Light/texture_03.png using Guid(4cf82413e53e47640bc7ff57be04dd2a) Importer(815301076,1909f56bfc062723c751e8b465ee728b)  -> (artifact id: 'b38320cfe416c80d505d16e544efb939') in 0.016373 seconds
Number of updated asset objects reloaded before import = 0
Number of asset objects unloaded after import = 3
========================================================================
Received Import Request.
  Time since last request: 0.000127 seconds.
  path: Assets/sprites and tecstures/PNG/Green/texture_03.png
  artifactKey: Guid(ee67dc635186ecf4d8823198648b9a02) Importer(815301076,1909f56bfc062723c751e8b465ee728b)
Start importing Assets/sprites and tecstures/PNG/Green/texture_03.png using Guid(ee67dc635186ecf4d8823198648b9a02) Importer(815301076,1909f56bfc062723c751e8b465ee728b)  -> (artifact id: '22d52865644e361757b4dae03458d6af') in 0.015516 seconds
Number of updated asset objects reloaded before import = 0
Number of asset objects unloaded after import = 3
========================================================================
Received Import Request.
  Time since last request: 0.000108 seconds.
  path: Assets/sprites and tecstures/PNG/Orange/texture_02.png
  artifactKey: Guid(0dc7d7cdd6e8e1544b0e08305ba7b6a5) Importer(815301076,1909f56bfc062723c751e8b465ee728b)
Start importing Assets/sprites and tecstures/PNG/Orange/texture_02.png using Guid(0dc7d7cdd6e8e1544b0e08305ba7b6a5) Importer(815301076,1909f56bfc062723c751e8b465ee728b)  -> (artifact id: 'aaa058a5cfaa2f4dab41c6bb8f9a4664') in 0.017370 seconds
Number of updated asset objects reloaded before import = 0
Number of asset objects unloaded after import = 3
========================================================================
Received Import Request.
  Time since last request: 0.000187 seconds.
  path: Assets/sprites and tecstures/PNG/Purple/texture_02.png
  artifactKey: Guid(6507db21bafd4d445a2e4f191b9b5feb) Importer(815301076,1909f56bfc062723c751e8b465ee728b)
Start importing Assets/sprites and tecstures/PNG/Purple/texture_02.png using Guid(6507db21bafd4d445a2e4f191b9b5feb) Importer(815301076,1909f56bfc062723c751e8b465ee728b)  -> (artifact id: '3a226213b9373e76eea15a6818a22775') in 0.014972 seconds
Number of updated asset objects reloaded before import = 0
Number of asset objects unloaded after import = 3
========================================================================
Received Import Request.
  Time since last request: 0.000136 seconds.
  path: Assets/sprites and tecstures/PNG/Green/texture_04.png
  artifactKey: Guid(08f53a716cf71914a88b8c4c679ec413) Importer(815301076,1909f56bfc062723c751e8b465ee728b)
Start importing Assets/sprites and tecstures/PNG/Green/texture_04.png using Guid(08f53a716cf71914a88b8c4c679ec413) Importer(815301076,1909f56bfc062723c751e8b465ee728b)  -> (artifact id: '81ad19cc60998f3b4cc5291686d60037') in 0.018601 seconds
Number of updated asset objects reloaded before import = 0
Number of asset objects unloaded after import = 3
========================================================================
Received Import Request.
  Time since last request: 0.000215 seconds.
  path: Assets/sprites and tecstures/PNG/Orange/texture_04.png
  artifactKey: Guid(6e3e345b0fb3170478d461ff215fc262) Importer(815301076,1909f56bfc062723c751e8b465ee728b)
Start importing Assets/sprites and tecstures/PNG/Orange/texture_04.png using Guid(6e3e345b0fb3170478d461ff215fc262) Importer(815301076,1909f56bfc062723c751e8b465ee728b)  -> (artifact id: '350ca9f96a349392ff693cbe4b657e89') in 0.019887 seconds
Number of updated asset objects reloaded before import = 0
Number of asset objects unloaded after import = 3
========================================================================
Received Import Request.
  Time since last request: 0.000149 seconds.
  path: Assets/sprites and tecstures/PNG/Light/texture_04.png
  artifactKey: Guid(76460cebf05e21e4fb7c2e5276c478ea) Importer(815301076,1909f56bfc062723c751e8b465ee728b)
Start importing Assets/sprites and tecstures/PNG/Light/texture_04.png using Guid(76460cebf05e21e4fb7c2e5276c478ea) Importer(815301076,1909f56bfc062723c751e8b465ee728b)  -> (artifact id: '23f2bb84581fd2eb4d4b369eec26db6c') in 0.023594 seconds
Number of updated asset objects reloaded before import = 0
Number of asset objects unloaded after import = 3
========================================================================
Received Import Request.
  Time since last request: 0.000124 seconds.
  path: Assets/sprites and tecstures/PNG/Purple/texture_04.png
  artifactKey: Guid(af89203c8be10c545ad5dde8b855f7f1) Importer(815301076,1909f56bfc062723c751e8b465ee728b)
Start importing Assets/sprites and tecstures/PNG/Purple/texture_04.png using Guid(af89203c8be10c545ad5dde8b855f7f1) Importer(815301076,1909f56bfc062723c751e8b465ee728b)  -> (artifact id: '6183937b0aead309281131625e11cffc') in 0.016104 seconds
Number of updated asset objects reloaded before import = 0
Number of asset objects unloaded after import = 3
========================================================================
Received Import Request.
  Time since last request: 0.000161 seconds.
  path: Assets/sprites and tecstures/PNG/Red/texture_05.png
  artifactKey: Guid(38fcee1bc63ee7240b4b120f5fcb641f) Importer(815301076,1909f56bfc062723c751e8b465ee728b)
Start importing Assets/sprites and tecstures/PNG/Red/texture_05.png using Guid(38fcee1bc63ee7240b4b120f5fcb641f) Importer(815301076,1909f56bfc062723c751e8b465ee728b)  -> (artifact id: '01f45fd41fa5e10f0148a499181e7723') in 0.023915 seconds
Number of updated asset objects reloaded before import = 0
Number of asset objects unloaded after import = 3
========================================================================
Received Import Request.
  Time since last request: 0.000073 seconds.
  path: Assets/sprites and tecstures/PNG/Red/texture_04.png
  artifactKey: Guid(d5f242ca9463903438146fcd88222dde) Importer(815301076,1909f56bfc062723c751e8b465ee728b)
Start importing Assets/sprites and tecstures/PNG/Red/texture_04.png using Guid(d5f242ca9463903438146fcd88222dde) Importer(815301076,1909f56bfc062723c751e8b465ee728b)  -> (artifact id: '49303815df25ce6f06d165e81604d4f3') in 0.011329 seconds
Number of updated asset objects reloaded before import = 0
Number of asset objects unloaded after import = 3
========================================================================
Received Import Request.
  Time since last request: 0.000171 seconds.
  path: Assets/sprites and tecstures/PNG/Dark/texture_04.png
  artifactKey: Guid(9292e8d63fb798f4b916a95583fda2ac) Importer(815301076,1909f56bfc062723c751e8b465ee728b)
Start importing Assets/sprites and tecstures/PNG/Dark/texture_04.png using Guid(9292e8d63fb798f4b916a95583fda2ac) Importer(815301076,1909f56bfc062723c751e8b465ee728b)  -> (artifact id: 'a8269ac1f5388f1844a10a5591e83e88') in 0.021175 seconds
Number of updated asset objects reloaded before import = 0
Number of asset objects unloaded after import = 3
Editor requested this worker to shutdown with reason: Scaling down because of idle timeout
TcpMessagingSession - receive error: operation aborted. errorcode: 89, details: Operation aborted.
AssetImportWorker is now disconnected from the server
Process exiting
